#
# A fatal error has been detected by the Java Runtime Environment:
#
#  EXCEPTION_ACCESS_VIOLATION (0xc0000005) at pc=0x00007ffa1bf163b6, pid=24492, tid=0x0000000000001bac
#
# JRE version: Java(TM) SE Runtime Environment (8.0_201-b09) (build 1.8.0_201-b09)
# Java VM: Java HotSpot(TM) 64-Bit Server VM (25.201-b09 mixed mode windows-amd64 compressed oops)
# Problematic frame:
# C  [ig9icd64.dll+0x263b6]
#
# Failed to write core dump. Minidumps are not enabled by default on client versions of Windows
#
# If you would like to submit a bug report, please visit:
#   http://bugreport.java.com/bugreport/crash.jsp
# The crash happened outside the Java Virtual Machine in native code.
# See problematic frame for where to report the bug.
#

---------------  T H R E A D  ---------------

Current thread (0x0000000017d96800):  JavaThread "main-SharedResourceRunner" daemon [_thread_in_native, id=7084, stack(0x0000000019b50000,0x0000000019c50000)]

siginfo: ExceptionCode=0xc0000005, reading address 0x00000000000001c0

Registers:
RAX=0x0000000000000000, RBX=0x0000000001424940, RCX=0x0000000000000000, RDX=0x0000000000000000
RSP=0x0000000019c4e230, RBP=0x0000000000000000, RSI=0x0000000001424940, RDI=0x0000000001497000
R8 =0x0000000000000000, R9 =0x0000000000000000, R10=0x0000000000000190, R11=0x0000000019c4e1b0
R12=0x00000000000000a0, R13=0x0000000000000010, R14=0x0000000000000001, R15=0x0000000000000000
RIP=0x00007ffa1bf163b6, EFLAGS=0x0000000000010206

Top of Stack: (sp=0x0000000019c4e230)
0x0000000019c4e230:   00000000000016c0 0000000000000000
0x0000000019c4e240:   00000000400001c0 0000000000000001
0x0000000019c4e250:   0000000001424940 00007ffa1bfdabde
0x0000000019c4e260:   0000000000002580 0000000000000001
0x0000000019c4e270:   0000000019f28de0 00007ffa1c839f4c
0x0000000019c4e280:   0000000019f28de0 00007ffa1bf18917
0x0000000019c4e290:   0000000001462ef0 0000000019c4e3d1
0x0000000019c4e2a0:   0000000019c4e370 00007ffa1bfdac7c
0x0000000019c4e2b0:   0000000001424940 0000000019f28de0
0x0000000019c4e2c0:   0000000001497000 00000000000000a0
0x0000000019c4e2d0:   0000000000000000 00007ffa1bf16e09
0x0000000019c4e2e0:   0000000001497050 0000000000002580
0x0000000019c4e2f0:   0000000000000000 0000000019c4e358
0x0000000019c4e300:   0000000019f16b01 0000000019c4e370
0x0000000019c4e310:   0000000000800000 0000000019f178f0
0x0000000019c4e320:   0000000000800000 0000000000002580 

Instructions: (pc=0x00007ffa1bf163b6)
0x00007ffa1bf16396:   41 5d 41 5c 5f 5e 5d c3 cc cc cc cc cc cc cc cc
0x00007ffa1bf163a6:   cc cc cc cc cc cc cc cc cc cc 40 53 48 83 ec 20
0x00007ffa1bf163b6:   48 83 b9 c0 01 00 00 00 48 8b d9 0f 84 a6 00 00
0x00007ffa1bf163c6:   00 48 8b 89 d0 01 00 00 48 89 7c 24 38 ff 15 97 


Register to memory mapping:

RAX=0x0000000000000000 is an unknown value
RBX=0x0000000001424940 is an unknown value
RCX=0x0000000000000000 is an unknown value
RDX=0x0000000000000000 is an unknown value
RSP=0x0000000019c4e230 is pointing into the stack for thread: 0x0000000017d96800
RBP=0x0000000000000000 is an unknown value
RSI=0x0000000001424940 is an unknown value
RDI=0x0000000001497000 is an unknown value
R8 =0x0000000000000000 is an unknown value
R9 =0x0000000000000000 is an unknown value
R10=0x0000000000000190 is an unknown value
R11=0x0000000019c4e1b0 is pointing into the stack for thread: 0x0000000017d96800
R12=0x00000000000000a0 is an unknown value
R13=0x0000000000000010 is an unknown value
R14=0x0000000000000001 is an unknown value
R15=0x0000000000000000 is an unknown value


Stack: [0x0000000019b50000,0x0000000019c50000],  sp=0x0000000019c4e230,  free space=1016k
Native frames: (J=compiled Java code, j=interpreted, Vv=VM code, C=native code)

Java frames: (J=compiled Java code, j=interpreted, Vv=VM code)
j  jogamp.opengl.windows.wgl.WGL.dispatch_wglCreateContext0(JJ)J+0
j  jogamp.opengl.windows.wgl.WGL.wglCreateContext(J)J+37
j  jogamp.opengl.windows.wgl.WindowsWGLContext.createImpl(J)Z+544
j  jogamp.opengl.GLContextImpl.makeCurrentWithinLock(I)I+224
j  jogamp.opengl.GLContextImpl.makeCurrent(Z)I+488
j  jogamp.opengl.GLContextImpl.makeCurrent()I+2
j  jogamp.opengl.windows.wgl.WindowsWGLDrawableFactory$SharedResourceImplementation.createSharedResource(Lcom/jogamp/nativewindow/AbstractGraphicsDevice;)Ljogamp/opengl/SharedResourceRunner$Resource;+172
j  jogamp.opengl.SharedResourceRunner.run()V+267
j  java.lang.Thread.run()V+11
v  ~StubRoutines::call_stub

---------------  P R O C E S S  ---------------

Java Threads: ( => current thread )
=>0x0000000017d96800 JavaThread "main-SharedResourceRunner" daemon [_thread_in_native, id=7084, stack(0x0000000019b50000,0x0000000019c50000)]
  0x0000000017751800 JavaThread "AWT-Windows" daemon [_thread_in_native, id=3400, stack(0x0000000018b40000,0x0000000018c40000)]
  0x0000000017750800 JavaThread "Java2D Disposer" daemon [_thread_blocked, id=27364, stack(0x0000000018940000,0x0000000018a40000)]
  0x00000000154c3800 JavaThread "Service Thread" daemon [_thread_blocked, id=26328, stack(0x00000000166e0000,0x00000000167e0000)]
  0x0000000015497800 JavaThread "C1 CompilerThread1" daemon [_thread_blocked, id=12760, stack(0x00000000165e0000,0x00000000166e0000)]
  0x0000000015484800 JavaThread "C2 CompilerThread0" daemon [_thread_blocked, id=1104, stack(0x00000000164e0000,0x00000000165e0000)]
  0x0000000015481000 JavaThread "Attach Listener" daemon [_thread_blocked, id=14520, stack(0x00000000163e0000,0x00000000164e0000)]
  0x000000001548a800 JavaThread "Signal Dispatcher" daemon [_thread_blocked, id=4668, stack(0x00000000162e0000,0x00000000163e0000)]
  0x000000001546e000 JavaThread "Finalizer" daemon [_thread_blocked, id=23728, stack(0x00000000160d0000,0x00000000161d0000)]
  0x00000000030a8000 JavaThread "Reference Handler" daemon [_thread_blocked, id=25840, stack(0x0000000015fd0000,0x00000000160d0000)]
  0x0000000002fba000 JavaThread "main" [_thread_blocked, id=27332, stack(0x0000000002e50000,0x0000000002f50000)]

Other Threads:
  0x0000000015447000 VMThread [stack: 0x0000000015ed0000,0x0000000015fd0000] [id=10872]
  0x000000001551c000 WatcherThread [stack: 0x0000000016be0000,0x0000000016ce0000] [id=25404]

VM state:not at safepoint (normal execution)

VM Mutex/Monitor currently owned by a thread: None

heap address: 0x00000000c1400000, size: 1004 MB, Compressed Oops mode: 32-bit
Narrow klass base: 0x0000000000000000, Narrow klass shift: 3
Compressed class space size: 1073741824 Address: 0x0000000100000000

Heap:
 PSYoungGen      total 18944K, used 12548K [0x00000000eb180000, 0x00000000ec680000, 0x0000000100000000)
  eden space 16384K, 61% used [0x00000000eb180000,0x00000000ebb47c50,0x00000000ec180000)
  from space 2560K, 98% used [0x00000000ec180000,0x00000000ec3f9750,0x00000000ec400000)
  to   space 2560K, 0% used [0x00000000ec400000,0x00000000ec400000,0x00000000ec680000)
 ParOldGen       total 44032K, used 940K [0x00000000c1400000, 0x00000000c3f00000, 0x00000000eb180000)
  object space 44032K, 2% used [0x00000000c1400000,0x00000000c14eb0d0,0x00000000c3f00000)
 Metaspace       used 12089K, capacity 12332K, committed 12544K, reserved 1060864K
  class space    used 1170K, capacity 1251K, committed 1280K, reserved 1048576K

Card table byte_map: [0x0000000012470000,0x0000000012670000] byte_map_base: 0x0000000011e66000

Marking Bits: (ParMarkBitMap*) 0x0000000056134ce0
 Begin Bits: [0x00000000129c0000, 0x0000000013970000)
 End Bits:   [0x0000000013970000, 0x0000000014920000)

Polling page: 0x0000000001350000

CodeCache: size=245760Kb used=2981Kb max_used=3067Kb free=242778Kb
 bounds [0x00000000030b0000, 0x00000000033c0000, 0x00000000120b0000]
 total_blobs=1407 nmethods=682 adapters=639
 compilation: enabled

Compilation events (10 events):
Event: 82.717 Thread 0x0000000015497800  707       3       java.util.jar.JavaUtilJarAccessImpl::getTrustedAttributes (6 bytes)
Event: 82.717 Thread 0x0000000015497800 nmethod 707 0x000000000324eb50 code [0x000000000324ecc0, 0x000000000324ee68]
Event: 92.091 Thread 0x0000000015497800  708       3       java.net.URL::equals (24 bytes)
Event: 92.091 Thread 0x0000000015497800 nmethod 708 0x00000000031ef810 code [0x00000000031ef980, 0x00000000031efdc8]
Event: 92.092 Thread 0x0000000015497800  709       3       java.net.URLStreamHandler::sameFile (136 bytes)
Event: 92.092 Thread 0x0000000015497800 nmethod 709 0x00000000031ee390 code [0x00000000031ee560, 0x00000000031ef5a8]
Event: 92.092 Thread 0x0000000015497800  710       3       sun.net.www.protocol.file.Handler::hostsEqual (69 bytes)
Event: 92.093 Thread 0x0000000015497800 nmethod 710 0x0000000003270f10 code [0x00000000032710c0, 0x0000000003271828]
Event: 92.094 Thread 0x0000000015497800  711       3       java.security.CodeSource::equals (60 bytes)
Event: 92.095 Thread 0x0000000015497800 nmethod 711 0x00000000032703d0 code [0x0000000003270580, 0x0000000003270d58]

GC Heap History (2 events):
Event: 74.848 GC heap before
{Heap before GC invocations=1 (full 0):
 PSYoungGen      total 18944K, used 15773K [0x00000000eb180000, 0x00000000ec680000, 0x0000000100000000)
  eden space 16384K, 96% used [0x00000000eb180000,0x00000000ec0e7468,0x00000000ec180000)
  from space 2560K, 0% used [0x00000000ec400000,0x00000000ec400000,0x00000000ec680000)
  to   space 2560K, 0% used [0x00000000ec180000,0x00000000ec180000,0x00000000ec400000)
 ParOldGen       total 44032K, used 0K [0x00000000c1400000, 0x00000000c3f00000, 0x00000000eb180000)
  object space 44032K, 0% used [0x00000000c1400000,0x00000000c1400000,0x00000000c3f00000)
 Metaspace       used 8407K, capacity 8608K, committed 8832K, reserved 1056768K
  class space    used 989K, capacity 1060K, committed 1152K, reserved 1048576K
Event: 74.866 GC heap after
Heap after GC invocations=1 (full 0):
 PSYoungGen      total 18944K, used 2533K [0x00000000eb180000, 0x00000000ec680000, 0x0000000100000000)
  eden space 16384K, 0% used [0x00000000eb180000,0x00000000eb180000,0x00000000ec180000)
  from space 2560K, 98% used [0x00000000ec180000,0x00000000ec3f9750,0x00000000ec400000)
  to   space 2560K, 0% used [0x00000000ec400000,0x00000000ec400000,0x00000000ec680000)
 ParOldGen       total 44032K, used 940K [0x00000000c1400000, 0x00000000c3f00000, 0x00000000eb180000)
  object space 44032K, 2% used [0x00000000c1400000,0x00000000c14eb0d0,0x00000000c3f00000)
 Metaspace       used 8407K, capacity 8608K, committed 8832K, reserved 1056768K
  class space    used 989K, capacity 1060K, committed 1152K, reserved 1048576K
}

Deoptimization events (5 events):
Event: 8.036 Thread 0x0000000002fba000 Uncommon trap: reason=unstable_if action=reinterpret pc=0x00000000031bf2f8 method=java.lang.String.hashCode()I @ 14
Event: 39.054 Thread 0x0000000002fba000 Uncommon trap: reason=unstable_if action=reinterpret pc=0x00000000031d9bf4 method=java.lang.Math.max(II)I @ 2
Event: 40.483 Thread 0x0000000002fba000 Uncommon trap: reason=unstable_if action=reinterpret pc=0x0000000003266d44 method=java.io.WinNTFileSystem.normalize(Ljava/lang/String;II)Ljava/lang/String; @ 8
Event: 50.003 Thread 0x0000000002fba000 Uncommon trap: reason=unstable_if action=reinterpret pc=0x000000000326f3dc method=sun.misc.MetaIndex.mayContain(Ljava/lang/String;)Z @ 13
Event: 80.688 Thread 0x0000000002fba000 Uncommon trap: reason=unstable_if action=reinterpret pc=0x000000000329ffc8 method=java.lang.String.startsWith(Ljava/lang/String;I)Z @ 25

Classes redefined (0 events):
No events

Internal exceptions (10 events):
Event: 30.095 Thread 0x0000000002fba000 Exception <a 'java/security/PrivilegedActionException'> (0x00000000eb559628) thrown at [C:\re\workspace\8-2-build-windows-amd64-cygwin\jdk8u201\12322\hotspot\src\share\vm\prims\jvm.cpp, line 1502]
Event: 40.188 Thread 0x0000000002fba000 Exception <a 'java/security/PrivilegedActionException'> (0x00000000eb7c0f68) thrown at [C:\re\workspace\8-2-build-windows-amd64-cygwin\jdk8u201\12322\hotspot\src\share\vm\prims\jvm.cpp, line 1502]
Event: 40.188 Thread 0x0000000002fba000 Exception <a 'java/security/PrivilegedActionException'> (0x00000000eb7c1178) thrown at [C:\re\workspace\8-2-build-windows-amd64-cygwin\jdk8u201\12322\hotspot\src\share\vm\prims\jvm.cpp, line 1502]
Event: 40.204 Thread 0x0000000002fba000 Exception <a 'java/security/PrivilegedActionException'> (0x00000000eb7c4de8) thrown at [C:\re\workspace\8-2-build-windows-amd64-cygwin\jdk8u201\12322\hotspot\src\share\vm\prims\jvm.cpp, line 1502]
Event: 40.204 Thread 0x0000000002fba000 Exception <a 'java/security/PrivilegedActionException'> (0x00000000eb7c4ff8) thrown at [C:\re\workspace\8-2-build-windows-amd64-cygwin\jdk8u201\12322\hotspot\src\share\vm\prims\jvm.cpp, line 1502]
Event: 66.923 Thread 0x0000000002fba000 Exception <a 'java/lang/NoSuchFieldError': method resolution failed> (0x00000000ebafa258) thrown at [C:\re\workspace\8-2-build-windows-amd64-cygwin\jdk8u201\12322\hotspot\src\share\vm\prims\methodHandles.cpp, line 1167]
Event: 66.972 Thread 0x0000000002fba000 Exception <a 'java/lang/NoSuchFieldError': method resolution failed> (0x00000000ebb079c8) thrown at [C:\re\workspace\8-2-build-windows-amd64-cygwin\jdk8u201\12322\hotspot\src\share\vm\prims\methodHandles.cpp, line 1167]
Event: 67.993 Thread 0x0000000002fba000 Exception <a 'java/io/FileNotFoundException'> (0x00000000ebce71a8) thrown at [C:\re\workspace\8-2-build-windows-amd64-cygwin\jdk8u201\12322\hotspot\src\share\vm\prims\jni.cpp, line 709]
Event: 68.767 Thread 0x0000000002fba000 Exception <a 'java/io/FileNotFoundException'> (0x00000000ebdfab88) thrown at [C:\re\workspace\8-2-build-windows-amd64-cygwin\jdk8u201\12322\hotspot\src\share\vm\prims\jni.cpp, line 709]
Event: 71.542 Thread 0x0000000002fba000 Exception <a 'java/io/FileNotFoundException'> (0x00000000ebe9b948) thrown at [C:\re\workspace\8-2-build-windows-amd64-cygwin\jdk8u201\12322\hotspot\src\share\vm\prims\jni.cpp, line 709]

Events (10 events):
Event: 92.115 Executing VM operation: RevokeBias
Event: 92.115 Executing VM operation: RevokeBias done
Event: 92.115 Executing VM operation: RevokeBias
Event: 92.115 Executing VM operation: RevokeBias done
Event: 92.115 loading class jogamp/opengl/ListenerSyncedImplStub
Event: 92.115 loading class jogamp/opengl/ListenerSyncedImplStub done
Event: 92.116 loading class jogamp/opengl/GLContextShareSet
Event: 92.116 loading class jogamp/opengl/GLContextShareSet done
Event: 92.117 loading class com/jogamp/opengl/GLRendererQuirks
Event: 92.117 loading class com/jogamp/opengl/GLRendererQuirks done


Dynamic libraries:
0x00007ff65c2f0000 - 0x00007ff65c327000 	C:\Program Files\Java\jre1.8.0_201\bin\javaw.exe
0x00007ffa69e70000 - 0x00007ffa6a051000 	C:\WINDOWS\SYSTEM32\ntdll.dll
0x00007ffa3c3f0000 - 0x00007ffa3c402000 	C:\Program Files\AVAST Software\Avast\aswhook.dll
0x00007ffa67440000 - 0x00007ffa674f1000 	C:\WINDOWS\System32\KERNEL32.DLL
0x00007ffa66420000 - 0x00007ffa66693000 	C:\WINDOWS\System32\KERNELBASE.dll
0x00007ffa676f0000 - 0x00007ffa67791000 	C:\WINDOWS\System32\ADVAPI32.dll
0x00007ffa69190000 - 0x00007ffa6922e000 	C:\WINDOWS\System32\msvcrt.dll
0x00007ffa69130000 - 0x00007ffa6918b000 	C:\WINDOWS\System32\sechost.dll
0x00007ffa67300000 - 0x00007ffa67424000 	C:\WINDOWS\System32\RPCRT4.dll
0x00007ffa69230000 - 0x00007ffa693c0000 	C:\WINDOWS\System32\USER32.dll
0x00007ffa66ad0000 - 0x00007ffa66af0000 	C:\WINDOWS\System32\win32u.dll
0x00007ffa69c60000 - 0x00007ffa69c88000 	C:\WINDOWS\System32\GDI32.dll
0x00007ffa66930000 - 0x00007ffa66ac2000 	C:\WINDOWS\System32\gdi32full.dll
0x00007ffa66890000 - 0x00007ffa6692f000 	C:\WINDOWS\System32\msvcp_win.dll
0x00007ffa67200000 - 0x00007ffa672f8000 	C:\WINDOWS\System32\ucrtbase.dll
0x00007ffa55210000 - 0x00007ffa55479000 	C:\WINDOWS\WinSxS\amd64_microsoft.windows.common-controls_6595b64144ccf1df_6.0.17134.706_none_fb43a2cb30647007\COMCTL32.dll
0x00007ffa693c0000 - 0x00007ffa696e2000 	C:\WINDOWS\System32\combase.dll
0x00007ffa66290000 - 0x00007ffa6630a000 	C:\WINDOWS\System32\bcryptPrimitives.dll
0x00007ffa69bb0000 - 0x00007ffa69bdd000 	C:\WINDOWS\System32\IMM32.DLL
0x0000000055830000 - 0x0000000055901000 	C:\Program Files\Java\jre1.8.0_201\bin\msvcr100.dll
0x0000000055910000 - 0x00000000561b4000 	C:\Program Files\Java\jre1.8.0_201\bin\server\jvm.dll
0x00007ffa675b0000 - 0x00007ffa675b8000 	C:\WINDOWS\System32\PSAPI.DLL
0x00007ffa58fc0000 - 0x00007ffa58fc9000 	C:\WINDOWS\SYSTEM32\WSOCK32.dll
0x00007ffa696f0000 - 0x00007ffa6975c000 	C:\WINDOWS\System32\WS2_32.dll
0x00007ffa62cb0000 - 0x00007ffa62cd3000 	C:\WINDOWS\SYSTEM32\WINMM.dll
0x00007ffa5b9b0000 - 0x00007ffa5b9ba000 	C:\WINDOWS\SYSTEM32\VERSION.dll
0x00007ffa62c80000 - 0x00007ffa62caa000 	C:\WINDOWS\SYSTEM32\WINMMBASE.dll
0x00007ffa66240000 - 0x00007ffa66289000 	C:\WINDOWS\System32\cfgmgr32.dll
0x00007ffa51c70000 - 0x00007ffa51c7f000 	C:\Program Files\Java\jre1.8.0_201\bin\verify.dll
0x00007ffa4e310000 - 0x00007ffa4e339000 	C:\Program Files\Java\jre1.8.0_201\bin\java.dll
0x00007ffa51b00000 - 0x00007ffa51b16000 	C:\Program Files\Java\jre1.8.0_201\bin\zip.dll
0x00007ffa677a0000 - 0x00007ffa68be0000 	C:\WINDOWS\System32\SHELL32.dll
0x00007ffa67500000 - 0x00007ffa675a9000 	C:\WINDOWS\System32\shcore.dll
0x00007ffa66af0000 - 0x00007ffa671fd000 	C:\WINDOWS\System32\windows.storage.dll
0x00007ffa690d0000 - 0x00007ffa69121000 	C:\WINDOWS\System32\shlwapi.dll
0x00007ffa66220000 - 0x00007ffa66231000 	C:\WINDOWS\System32\kernel.appcore.dll
0x00007ffa66200000 - 0x00007ffa6621f000 	C:\WINDOWS\System32\profapi.dll
0x00007ffa661a0000 - 0x00007ffa661ec000 	C:\WINDOWS\System32\powrprof.dll
0x00007ffa661f0000 - 0x00007ffa661fa000 	C:\WINDOWS\System32\FLTLIB.DLL
0x00007ffa65bc0000 - 0x00007ffa65bd7000 	C:\WINDOWS\SYSTEM32\CRYPTSP.dll
0x00007ffa655e0000 - 0x00007ffa65613000 	C:\WINDOWS\system32\rsaenh.dll
0x00007ffa65ce0000 - 0x00007ffa65d05000 	C:\WINDOWS\SYSTEM32\bcrypt.dll
0x00007ffa660b0000 - 0x00007ffa660d8000 	C:\WINDOWS\SYSTEM32\USERENV.dll
0x00007ffa65bb0000 - 0x00007ffa65bbb000 	C:\WINDOWS\SYSTEM32\CRYPTBASE.dll
0x00007ffa52540000 - 0x00007ffa5255a000 	C:\Program Files\Java\jre1.8.0_201\bin\net.dll
0x00007ffa58fd0000 - 0x00007ffa59198000 	C:\WINDOWS\SYSTEM32\urlmon.dll
0x00007ffa593d0000 - 0x00007ffa59676000 	C:\WINDOWS\SYSTEM32\iertutil.dll
0x00007ffa65a00000 - 0x00007ffa65a66000 	C:\WINDOWS\system32\mswsock.dll
0x00007ffa65780000 - 0x00007ffa657b8000 	C:\WINDOWS\SYSTEM32\IPHLPAPI.DLL
0x00007ffa69c90000 - 0x00007ffa69c98000 	C:\WINDOWS\System32\NSI.dll
0x00007ffa5caf0000 - 0x00007ffa5cb06000 	C:\WINDOWS\SYSTEM32\dhcpcsvc6.DLL
0x00007ffa5cdb0000 - 0x00007ffa5cdca000 	C:\WINDOWS\SYSTEM32\dhcpcsvc.DLL
0x00007ffa52520000 - 0x00007ffa52531000 	C:\Program Files\Java\jre1.8.0_201\bin\nio.dll
0x00007ffa644f0000 - 0x00007ffa6457b000 	C:\WINDOWS\system32\apphelp.dll
0x00000000637c0000 - 0x00000000637cd000 	C:\Users\denise\AppData\Local\Temp\jogamp_0000\file_cache\jln8262606984860533068\jln6125017890627211275\natives\windows-amd64\gluegen-rt.dll
0x00007ffa37550000 - 0x00007ffa376e9000 	C:\Program Files\Java\jre1.8.0_201\bin\awt.dll
0x00007ffa675c0000 - 0x00007ffa67682000 	C:\WINDOWS\System32\OLEAUT32.dll
0x00007ffa64660000 - 0x00007ffa646f8000 	C:\WINDOWS\system32\uxtheme.dll
0x00007ffa68dc0000 - 0x00007ffa68f33000 	C:\WINDOWS\System32\MSCTF.dll
0x00007ffa648f0000 - 0x00007ffa64919000 	C:\WINDOWS\system32\dwmapi.dll
0x00007ffa68c00000 - 0x00007ffa68d51000 	C:\WINDOWS\System32\ole32.dll
0x00007ffa62f00000 - 0x00007ffa62f07000 	C:\Program Files\Java\jre1.8.0_201\bin\jawt.dll
0x000000006a440000 - 0x000000006a44d000 	C:\Users\denise\AppData\Local\Temp\jogamp_0000\file_cache\jln8262606984860533068\jln6125017890627211275\natives\windows-amd64\nativewindow_awt.dll
0x00007ffa3fe70000 - 0x00007ffa3ff90000 	C:\WINDOWS\system32\opengl32.dll
0x00007ffa3fe00000 - 0x00007ffa3fe2c000 	C:\WINDOWS\SYSTEM32\GLU32.dll
0x000000006c100000 - 0x000000006c10f000 	C:\Users\denise\AppData\Local\Temp\jogamp_0000\file_cache\jln8262606984860533068\jln6125017890627211275\natives\windows-amd64\nativewindow_win32.dll
0x0000000064500000 - 0x00000000645b1000 	C:\Users\denise\AppData\Local\Temp\jogamp_0000\file_cache\jln8262606984860533068\jln6125017890627211275\natives\windows-amd64\jogl_desktop.dll
0x00007ffa30f80000 - 0x00007ffa31172000 	C:\Users\denise\Anaconda3\Library\bin\libGLESv2.dll
0x00007ffa27bd0000 - 0x00007ffa27d67000 	C:\WINDOWS\SYSTEM32\d3d9.dll
0x00007ffa51810000 - 0x00007ffa518ac000 	C:\Program Files\Java\jre1.8.0_201\bin\MSVCP140.dll
0x00007ffa54b00000 - 0x00007ffa54b16000 	C:\Program Files\Java\jre1.8.0_201\bin\VCRUNTIME140.dll
0x00007ffa61f40000 - 0x00007ffa61f4a000 	C:\Users\denise\Anaconda3\Library\bin\libEGL.dll
0x0000000064340000 - 0x00000000643a2000 	C:\Users\denise\AppData\Local\Temp\jogamp_0000\file_cache\jln8262606984860533068\jln6125017890627211275\natives\windows-amd64\jogl_mobile.dll
0x00007ffa1bef0000 - 0x00007ffa1cd8d000 	C:\WINDOWS\System32\DriverStore\FileRepository\igdlh64.inf_amd64_ddae365552349c63\ig9icd64.dll
0x00007ffa62b00000 - 0x00007ffa62b13000 	C:\WINDOWS\SYSTEM32\WTSAPI32.dll
0x00007ffa64f40000 - 0x00007ffa64ffb000 	C:\WINDOWS\SYSTEM32\dxgi.dll
0x00007ffa5df70000 - 0x00007ffa5f5a0000 	C:\WINDOWS\System32\DriverStore\FileRepository\igdlh64.inf_amd64_ddae365552349c63\igc64.dll
0x00007ffa57390000 - 0x00007ffa57559000 	C:\WINDOWS\SYSTEM32\dbghelp.dll

VM Arguments:
jvm_args: -Dfile.encoding=Cp1252 
java_command: Marvel
java_class_path (initial): C:\Users\denise\Documents\workspace\ProjetoFacul\bin;C:\Users\denise\Documents\workspace\JOGL\jar\atomic\gluegen-gl.jar;C:\Users\denise\Documents\workspace\JOGL\jar\atomic\jogl-awt.jar;C:\Users\denise\Documents\workspace\JOGL\jar\atomic\jogl-cg-natives-android-aarch64.jar;C:\Users\denise\Documents\workspace\JOGL\jar\atomic\jogl-cg-natives-android-armv6.jar;C:\Users\denise\Documents\workspace\JOGL\jar\atomic\jogl-cg-natives-linux-amd64.jar;C:\Users\denise\Documents\workspace\JOGL\jar\atomic\jogl-cg-natives-linux-armv6.jar;C:\Users\denise\Documents\workspace\JOGL\jar\atomic\jogl-cg-natives-linux-armv6hf.jar;C:\Users\denise\Documents\workspace\JOGL\jar\atomic\jogl-cg-natives-linux-i586.jar;C:\Users\denise\Documents\workspace\JOGL\jar\atomic\jogl-cg-natives-macosx-universal.jar;C:\Users\denise\Documents\workspace\JOGL\jar\atomic\jogl-cg-natives-solaris-amd64.jar;C:\Users\denise\Documents\workspace\JOGL\jar\atomic\jogl-cg-natives-solaris-i586.jar;C:\Users\denise\Documents\workspace\JOGL\jar\atomic\jogl-cg-natives-windows-amd64.jar;C:\Users\denise\Documents\workspace\JOGL\jar\atomic\jogl-cg-natives-windows-i586.jar;C:\Users\denise\Documents\workspace\JOGL\jar\atomic\jogl-cg.jar;C:\Users\denise\Documents\workspace\JOGL\jar\atomic\jogl-fonts-p0.jar;C:\Users\denise\Documents\workspace\JOGL\jar\atomic\jogl-gldesktop-dbg.jar;C:\Users\denise\Documents\workspace\JOGL\jar\atomic\jogl-gldesktop.jar;C:\Users\denise\Documents\workspace\JOGL\jar\atomic\jogl-glmobile-dbg.jar;C:\Users\denise\Documents\workspace\JOGL\jar\atomic\jogl-glmobile.jar;C:\Users\denise\Documents\workspace\JOGL\jar\atomic\jogl-glu-gldesktop.jar;C:\Users\denise\Documents\workspace\JOGL\jar\atomic\jogl-glu.jar;C:\Users\denise\Documents\workspace\JOGL\jar\atomic\jogl-natives-android-aarch64.jar;C:\Users\denise\Documents\workspace\JOGL\jar\atomic\jogl-natives-android-armv6.jar;C:\Users\denise\Documents\workspace\JOGL\jar\atomic\jogl-natives-linux-amd64.jar;C:\Users\denise\Documents\works
Launcher Type: SUN_STANDARD

Environment Variables:
PATH=C:/Program Files/Java/jre1.8.0_201/bin/server;C:/Program Files/Java/jre1.8.0_201/bin;C:/Program Files/Java/jre1.8.0_201/lib/amd64;C:\Program Files (x86)\Common Files\Oracle\Java\javapath;C:\Program Files (x86)\Intel\iCLS Client\;C:\ProgramData\Oracle\Java\javapath;C:\Program Files\Intel\iCLS Client\;C:\WINDOWS\system32;C:\WINDOWS;C:\WINDOWS\System32\Wbem;C:\WINDOWS\System32\WindowsPowerShell\v1.0\;C:\Program Files (x86)\Intel\Intel(R) Management Engine Components\DAL;C:\Program Files\Intel\Intel(R) Management Engine Components\DAL;C:\Program Files (x86)\Intel\Intel(R) Management Engine Components\IPT;C:\Program Files\Intel\Intel(R) Management Engine Components\IPT;C:\Program Files\nodejs\;C:\Program Files\dotnet\;C:\Program Files\Microsoft SQL Server\130\Tools\Binn\;C:\WINDOWS\System32\OpenSSH\;C:\Program Files\Microsoft VS Code\bin;C:\Program Files\Git\cmd;C:\Users\denise\Anaconda3;C:\Users\denise\Anaconda3\Library\mingw-w64\bin;C:\Users\denise\Anaconda3\Library\usr\bin;C:\Users\denise\Anaconda3\Library\bin;C:\Users\denise\Anaconda3\Scripts;C:\Users\denise\AppData\Local\Microsoft\WindowsApps;C:\Program Files\Microsoft VS Code\bin;C:\Users\denise\AppData\Roaming\npm;C:\Program Files\MongoDB\Server\3.6\bin;;C:\Users\denise\Desktop;
USERNAME=denise
OS=Windows_NT
PROCESSOR_IDENTIFIER=Intel64 Family 6 Model 142 Stepping 9, GenuineIntel



---------------  S Y S T E M  ---------------

OS: Windows 10.0 , 64 bit Build 17134 (10.0.17134.706)

CPU:total 2 (initial active 2) (2 cores per cpu, 1 threads per core) family 6 model 142 stepping 9, cmov, cx8, fxsr, mmx, sse, sse2, sse3, ssse3, sse4.1, sse4.2, popcnt, aes, clmul, erms, 3dnowpref, lzcnt, tsc, tscinvbit

Memory: 4k page, physical 4106128k(335576k free), swap 16689040k(4672k free)

vm_info: Java HotSpot(TM) 64-Bit Server VM (25.201-b09) for windows-amd64 JRE (1.8.0_201-b09), built on Dec 15 2018 18:36:39 by "java_re" with MS VC++ 10.0 (VS2010)

time: Wed Apr 24 21:23:44 2019
timezone: Hora oficial do Brasil
elapsed time: 99 seconds (0d 0h 1m 39s)

